{"total": {"lines":{"total":122,"covered":41,"skipped":0,"pct":33.6},"statements":{"total":123,"covered":42,"skipped":0,"pct":34.14},"functions":{"total":24,"covered":11,"skipped":0,"pct":45.83},"branches":{"total":60,"covered":14,"skipped":0,"pct":23.33},"branchesTrue":{"total":0,"covered":0,"skipped":0,"pct":"Unknown"}}
,"/home/runner/work/compile-less/compile-less/src/compile.ts": {"lines":{"total":36,"covered":24,"skipped":0,"pct":66.66},"functions":{"total":7,"covered":5,"skipped":0,"pct":71.42},"statements":{"total":37,"covered":25,"skipped":0,"pct":67.56},"branches":{"total":16,"covered":8,"skipped":0,"pct":50}}
,"/home/runner/work/compile-less/compile-less/src/executeLess.ts": {"lines":{"total":24,"covered":12,"skipped":0,"pct":50},"functions":{"total":9,"covered":3,"skipped":0,"pct":33.33},"statements":{"total":24,"covered":12,"skipped":0,"pct":50},"branches":{"total":8,"covered":5,"skipped":0,"pct":62.5}}
,"/home/runner/work/compile-less/compile-less/src/getLessFiles.ts": {"lines":{"total":5,"covered":5,"skipped":0,"pct":100},"functions":{"total":3,"covered":3,"skipped":0,"pct":100},"statements":{"total":5,"covered":5,"skipped":0,"pct":100},"branches":{"total":1,"covered":1,"skipped":0,"pct":100}}
,"/home/runner/work/compile-less/compile-less/src/index.ts": {"lines":{"total":57,"covered":0,"skipped":0,"pct":0},"functions":{"total":5,"covered":0,"skipped":0,"pct":0},"statements":{"total":57,"covered":0,"skipped":0,"pct":0},"branches":{"total":35,"covered":0,"skipped":0,"pct":0}}
}
