{"total": {"lines":{"total":117,"covered":37,"skipped":0,"pct":31.62},"statements":{"total":118,"covered":38,"skipped":0,"pct":32.2},"functions":{"total":23,"covered":10,"skipped":0,"pct":43.47},"branches":{"total":60,"covered":15,"skipped":0,"pct":25},"branchesTrue":{"total":0,"covered":0,"skipped":0,"pct":"Unknown"}}
,"/home/runner/work/compile-less/compile-less/src/compile.ts": {"lines":{"total":32,"covered":20,"skipped":0,"pct":62.5},"functions":{"total":6,"covered":4,"skipped":0,"pct":66.66},"statements":{"total":33,"covered":21,"skipped":0,"pct":63.63},"branches":{"total":18,"covered":9,"skipped":0,"pct":50}}
,"/home/runner/work/compile-less/compile-less/src/executeLess.ts": {"lines":{"total":24,"covered":12,"skipped":0,"pct":50},"functions":{"total":9,"covered":3,"skipped":0,"pct":33.33},"statements":{"total":24,"covered":12,"skipped":0,"pct":50},"branches":{"total":8,"covered":5,"skipped":0,"pct":62.5}}
,"/home/runner/work/compile-less/compile-less/src/getLessFiles.ts": {"lines":{"total":5,"covered":5,"skipped":0,"pct":100},"functions":{"total":3,"covered":3,"skipped":0,"pct":100},"statements":{"total":5,"covered":5,"skipped":0,"pct":100},"branches":{"total":1,"covered":1,"skipped":0,"pct":100}}
,"/home/runner/work/compile-less/compile-less/src/index.ts": {"lines":{"total":56,"covered":0,"skipped":0,"pct":0},"functions":{"total":5,"covered":0,"skipped":0,"pct":0},"statements":{"total":56,"covered":0,"skipped":0,"pct":0},"branches":{"total":33,"covered":0,"skipped":0,"pct":0}}
}
