TN:
SF:src/compile.ts
FN:15,compile
FN:22,(anonymous_1)
FN:28,(anonymous_2)
FN:37,(anonymous_3)
FN:46,outputFile
FN:61,log
FNF:6
FNH:4
FNDA:4,compile
FNDA:6,(anonymous_1)
FNDA:6,(anonymous_2)
FNDA:0,(anonymous_3)
FNDA:0,outputFile
FNDA:4,log
DA:16,4
DA:17,4
DA:18,4
DA:19,4
DA:20,4
DA:21,4
DA:22,4
DA:23,6
DA:26,4
DA:27,4
DA:28,6
DA:29,4
DA:30,3
DA:31,3
DA:33,1
DA:36,0
DA:37,0
DA:38,0
DA:42,0
DA:47,0
DA:48,0
DA:49,0
DA:50,0
DA:51,0
DA:52,0
DA:53,0
DA:57,0
DA:62,4
DA:63,4
DA:64,4
DA:65,1
DA:67,3
LF:32
LH:20
BRDA:16,0,0,4
BRDA:16,0,1,0
BRDA:20,1,0,4
BRDA:20,1,1,0
BRDA:21,2,0,0
BRDA:21,2,1,4
BRDA:26,3,0,4
BRDA:26,3,1,0
BRDA:29,4,0,3
BRDA:29,4,1,1
BRDA:53,5,0,0
BRDA:53,5,1,0
BRDA:53,6,0,0
BRDA:53,6,1,0
BRDA:63,7,0,4
BRDA:63,7,1,0
BRDA:64,8,0,1
BRDA:64,8,1,3
BRF:18
BRH:9
end_of_record
TN:
SF:src/executeLess.ts
FN:22,execute
FN:23,(anonymous_1)
FN:25,onData
FN:28,(anonymous_3)
FN:33,(anonymous_4)
FN:45,executeLess
FN:48,(anonymous_6)
FN:62,(anonymous_7)
FN:75,(anonymous_8)
FNF:9
FNH:3
FNDA:0,execute
FNDA:0,(anonymous_1)
FNDA:0,onData
FNDA:0,(anonymous_3)
FNDA:0,(anonymous_4)
FNDA:6,executeLess
FNDA:6,(anonymous_6)
FNDA:6,(anonymous_7)
FNDA:0,(anonymous_8)
DA:7,1
DA:23,0
DA:24,0
DA:26,0
DA:28,0
DA:29,0
DA:31,0
DA:32,0
DA:33,0
DA:34,0
DA:36,0
DA:37,0
DA:46,6
DA:47,6
DA:48,6
DA:49,6
DA:58,6
DA:59,6
DA:60,4
DA:62,6
DA:63,6
DA:64,4
DA:67,6
DA:76,0
LF:24
LH:12
BRDA:29,0,0,0
BRDA:29,0,1,0
BRDA:47,1,0,6
BRDA:47,1,1,0
BRDA:59,2,0,4
BRDA:59,2,1,2
BRDA:63,3,0,4
BRDA:63,3,1,2
BRF:8
BRH:5
end_of_record
TN:
SF:src/getLessFiles.ts
FN:3,getLessFiles
FN:4,(anonymous_1)
FN:8,(anonymous_2)
FNF:3
FNH:3
FNDA:4,getLessFiles
FNDA:4,(anonymous_1)
FNDA:6,(anonymous_2)
DA:4,4
DA:5,4
DA:6,4
DA:9,6
DA:11,4
LF:5
LH:5
BRDA:3,0,0,4
BRF:1
BRH:1
end_of_record
TN:
SF:src/index.ts
FN:10,outputHelp
FN:46,(anonymous_1)
FN:50,(anonymous_2)
FN:73,exampleHelp
FN:85,chokidarWatch
FNF:5
FNH:0
FNDA:0,outputHelp
FNDA:0,(anonymous_1)
FNDA:0,(anonymous_2)
FNDA:0,exampleHelp
FNDA:0,chokidarWatch
DA:11,0
DA:12,0
DA:13,0
DA:14,0
DA:15,0
DA:16,0
DA:17,0
DA:18,0
DA:19,0
DA:20,0
DA:21,0
DA:22,0
DA:24,0
DA:25,0
DA:26,0
DA:27,0
DA:29,0
DA:30,0
DA:31,0
DA:32,0
DA:34,0
DA:35,0
DA:36,0
DA:37,0
DA:38,0
DA:40,0
DA:41,0
DA:42,0
DA:46,0
DA:47,0
DA:48,0
DA:49,0
DA:50,0
DA:51,0
DA:56,0
DA:60,0
DA:67,0
DA:68,0
DA:69,0
DA:74,0
DA:75,0
DA:76,0
DA:77,0
DA:78,0
DA:79,0
DA:80,0
DA:81,0
DA:82,0
DA:86,0
DA:87,0
DA:88,0
DA:89,0
DA:90,0
DA:96,0
DA:97,0
DA:104,0
LF:56
LH:0
BRDA:25,0,0,0
BRDA:25,0,1,0
BRDA:25,1,0,0
BRDA:25,1,1,0
BRDA:30,2,0,0
BRDA:30,2,1,0
BRDA:30,3,0,0
BRDA:30,3,1,0
BRDA:34,4,0,0
BRDA:34,4,1,0
BRDA:35,5,0,0
BRDA:35,5,1,0
BRDA:36,6,0,0
BRDA:36,6,1,0
BRDA:37,7,0,0
BRDA:37,7,1,0
BRDA:38,8,0,0
BRDA:38,8,1,0
BRDA:40,9,0,0
BRDA:40,9,1,0
BRDA:40,10,0,0
BRDA:40,10,1,0
BRDA:40,10,2,0
BRDA:49,11,0,0
BRDA:49,11,1,0
BRDA:87,12,0,0
BRDA:87,12,1,0
BRDA:88,13,0,0
BRDA:88,13,1,0
BRDA:88,14,0,0
BRDA:88,14,1,0
BRDA:89,15,0,0
BRDA:89,15,1,0
BRF:33
BRH:0
end_of_record
